g:\windows程序设计\emsclient\emsclient\debug\emsclient.pch
g:\windows程序设计\emsclient\emsclient\debug\vc120.pdb
g:\windows程序设计\emsclient\emsclient\debug\vc120.idb
g:\windows程序设计\emsclient\emsclient\debug\stdafx.obj
g:\windows程序设计\emsclient\emsclient\debug\emsclient.obj
g:\windows程序设计\emsclient\emsclient\debug\emsclientmain.obj
g:\windows程序设计\emsclient\emsclient\debug\emsloginwnd.obj
g:\windows程序设计\emsclient\emsclient\debug\emsmainwnd.obj
g:\windows程序设计\emsclient\emsclient\debug\emsnet.obj
g:\windows程序设计\emsclient\emsclient\debug\loginuser.obj
g:\windows程序设计\emsclient\emsclient\debug\utils.obj
g:\windows程序设计\emsclient\debug\emsclient.ilk
g:\windows程序设计\emsclient\debug\emsclient.exe
g:\windows程序设计\emsclient\debug\emsclient.pdb
g:\windows程序设计\emsclient\emsclient\debug\emsclient.res
g:\windows程序设计\emsclient\emsclient\debug\emsclient.tlog\cl.command.1.tlog
g:\windows程序设计\emsclient\emsclient\debug\emsclient.tlog\cl.read.1.tlog
g:\windows程序设计\emsclient\emsclient\debug\emsclient.tlog\cl.write.1.tlog
g:\windows程序设计\emsclient\emsclient\debug\emsclient.tlog\link.command.1.tlog
g:\windows程序设计\emsclient\emsclient\debug\emsclient.tlog\link.read.1.tlog
g:\windows程序设计\emsclient\emsclient\debug\emsclient.tlog\link.write.1.tlog
g:\windows程序设计\emsclient\emsclient\debug\emsclient.tlog\rc.command.1.tlog
g:\windows程序设计\emsclient\emsclient\debug\emsclient.tlog\rc.read.1.tlog
g:\windows程序设计\emsclient\emsclient\debug\emsclient.tlog\rc.write.1.tlog
