生成启动时间为 2017/5/19 18:11:44。
     1>项目“G:\windows程序设计\EmsClient\EmsClient\EmsClient.vcxproj”在节点 2 上(Rebuild 个目标)。
     1>ClCompile:
         C:\Program Files (x86)\Microsoft Visual Studio 12.0\VC\bin\CL.exe /c /ZI /nologo /W3 /WX- /Od /Oy- /D WIN32 /D _DEBUG /D _WINDOWS /D _UNICODE /D UNICODE /Gm /EHsc /RTC1 /MTd /GS /fp:precise /Zc:wchar_t /Zc:forScope /Yc"stdafx.h" /Fp"Debug\EmsClient.pch" /Fo"Debug\\" /Fd"Debug\vc120.pdb" /Gd /TP /analyze- /errorReport:prompt stdafx.cpp
         stdafx.cpp
         C:\Program Files (x86)\Microsoft Visual Studio 12.0\VC\bin\CL.exe /c /ZI /nologo /W3 /WX- /Od /Oy- /D WIN32 /D _DEBUG /D _WINDOWS /D _UNICODE /D UNICODE /Gm /EHsc /RTC1 /MTd /GS /fp:precise /Zc:wchar_t /Zc:forScope /Yu"stdafx.h" /Fp"Debug\EmsClient.pch" /Fo"Debug\\" /Fd"Debug\vc120.pdb" /Gd /TP /analyze- /errorReport:prompt EmsClient.cpp EmsClientMain.cpp EmsLoginWnd.cpp EmsMainWnd.cpp EmsNet.cpp LoginUser.cpp Utils.cpp
         Utils.cpp
         LoginUser.cpp
         EmsNet.cpp
         EmsMainWnd.cpp
         EmsLoginWnd.cpp
         EmsClientMain.cpp
         EmsClient.cpp
         正在生成代码...
       ResourceCompile:
         C:\Program Files (x86)\Windows Kits\8.1\bin\x86\rc.exe /D _UNICODE /D UNICODE /l"0x0409" /nologo /fo"Debug\EmsClient.res" EmsClient.rc 
       Link:
         C:\Program Files (x86)\Microsoft Visual Studio 12.0\VC\bin\link.exe /ERRORREPORT:PROMPT /OUT:"G:\windows程序设计\EmsClient\Debug\EmsClient.exe" /INCREMENTAL /NOLOGO DuiLib_ud.lib DuiLib_u.lib /MANIFEST /MANIFESTUAC:"level='asInvoker' uiAccess='false'" /manifest:embed /manifestinput:"C:\Program Files (x86)\Microsoft Visual Studio 12.0\VC\Include\Manifest\dpiaware.manifest" /DEBUG /PDB:"G:\windows程序设计\EmsClient\Debug\EmsClient.pdb" /SUBSYSTEM:WINDOWS /TLBID:1 /ENTRY:"wWinMainCRTStartup" /DYNAMICBASE /NXCOMPAT /IMPLIB:"G:\windows程序设计\EmsClient\Debug\EmsClient.lib" /MACHINE:X86 Debug\EmsClient.res
         Debug\EmsClient.obj
         Debug\EmsClientMain.obj
         Debug\EmsLoginWnd.obj
         Debug\EmsMainWnd.obj
         Debug\EmsNet.obj
         Debug\LoginUser.obj
         Debug\stdafx.obj
         Debug\Utils.obj
         EmsClient.vcxproj -> G:\windows程序设计\EmsClient\Debug\EmsClient.exe
     1>已完成生成项目“G:\windows程序设计\EmsClient\EmsClient\EmsClient.vcxproj”(Rebuild 个目标)的操作。

生成成功。

已用时间 00:00:11.03
