生成启动时间为 2017/5/19 18:12:03。
     1>项目“G:\windows程序设计\EmsClient\EmsClient\EmsClient.vcxproj”在节点 2 上(Rebuild 个目标)。
     1>ClCompile:
         C:\Program Files (x86)\Microsoft Visual Studio 12.0\VC\bin\CL.exe /c /Zi /nologo /W3 /WX- /O2 /Oi /Oy- /GL /D WIN32 /D NDEBUG /D _WINDOWS /D _UNICODE /D UNICODE /Gm- /EHsc /MD /GS /Gy /fp:precise /Zc:wchar_t /Zc:forScope /Yc"stdafx.h" /Fp"Release\EmsClient.pch" /Fo"Release\\" /Fd"Release\vc120.pdb" /Gd /TP /analyze- /errorReport:prompt stdafx.cpp
         stdafx.cpp
         C:\Program Files (x86)\Microsoft Visual Studio 12.0\VC\bin\CL.exe /c /Zi /nologo /W3 /WX- /O2 /Oi /Oy- /GL /D WIN32 /D NDEBUG /D _WINDOWS /D _UNICODE /D UNICODE /Gm- /EHsc /MD /GS /Gy /fp:precise /Zc:wchar_t /Zc:forScope /Yu"stdafx.h" /Fp"Release\EmsClient.pch" /Fo"Release\\" /Fd"Release\vc120.pdb" /Gd /TP /analyze- /errorReport:prompt EmsClient.cpp EmsClientMain.cpp EmsLoginWnd.cpp EmsMainWnd.cpp EmsNet.cpp LoginUser.cpp Utils.cpp
         EmsClient.cpp
         EmsClientMain.cpp
         EmsLoginWnd.cpp
         EmsMainWnd.cpp
         EmsNet.cpp
         LoginUser.cpp
         Utils.cpp
       ResourceCompile:
         C:\Program Files (x86)\Windows Kits\8.1\bin\x86\rc.exe /D _UNICODE /D UNICODE /l"0x0409" /nologo /fo"Release\EmsClient.res" EmsClient.rc 
       Link:
         C:\Program Files (x86)\Microsoft Visual Studio 12.0\VC\bin\link.exe /ERRORREPORT:PROMPT /OUT:"G:\windows程序设计\EmsClient\Release\EmsClient.exe" /INCREMENTAL:NO /NOLOGO kernel32.lib user32.lib gdi32.lib winspool.lib comdlg32.lib advapi32.lib shell32.lib ole32.lib oleaut32.lib uuid.lib odbc32.lib odbccp32.lib /MANIFEST /MANIFESTUAC:"level='asInvoker' uiAccess='false'" /manifest:embed /DEBUG /PDB:"G:\windows程序设计\EmsClient\Release\EmsClient.pdb" /SUBSYSTEM:WINDOWS /OPT:REF /OPT:ICF /LTCG /TLBID:1 /DYNAMICBASE /NXCOMPAT /IMPLIB:"G:\windows程序设计\EmsClient\Release\EmsClient.lib" /MACHINE:X86 /SAFESEH Release\EmsClient.res
         Release\EmsClient.obj
         Release\EmsClientMain.obj
         Release\EmsLoginWnd.obj
         Release\EmsMainWnd.obj
         Release\EmsNet.obj
         Release\LoginUser.obj
         Release\stdafx.obj
         Release\Utils.obj
         正在生成代码
         已完成代码的生成
         EmsClient.vcxproj -> G:\windows程序设计\EmsClient\Release\EmsClient.exe
     1>已完成生成项目“G:\windows程序设计\EmsClient\EmsClient\EmsClient.vcxproj”(Rebuild 个目标)的操作。

生成成功。

已用时间 00:00:10.69
