g:\windows程序设计\emsclient\emsclient\release\vc120.pdb
g:\windows程序设计\emsclient\emsclient\release\emsloginwnd.obj
g:\windows程序设计\emsclient\emsclient\release\emsclient.obj
g:\windows程序设计\emsclient\emsclient\release\emsclient.pch
g:\windows程序设计\emsclient\emsclient\release\stdafx.obj
g:\windows程序设计\emsclient\emsclient\release\utils.obj
g:\windows程序设计\emsclient\emsclient\release\loginuser.obj
g:\windows程序设计\emsclient\emsclient\release\emsnet.obj
g:\windows程序设计\emsclient\emsclient\release\emsmainwnd.obj
g:\windows程序设计\emsclient\emsclient\release\emsclientmain.obj
g:\windows程序设计\emsclient\release\emsclient.exe
g:\windows程序设计\emsclient\release\emsclient.pdb
g:\windows程序设计\emsclient\emsclient\release\emsclient.res
g:\windows程序设计\emsclient\emsclient\release\emsclient.tlog\cl.command.1.tlog
g:\windows程序设计\emsclient\emsclient\release\emsclient.tlog\cl.read.1.tlog
g:\windows程序设计\emsclient\emsclient\release\emsclient.tlog\cl.write.1.tlog
g:\windows程序设计\emsclient\emsclient\release\emsclient.tlog\link.command.1.tlog
g:\windows程序设计\emsclient\emsclient\release\emsclient.tlog\link.read.1.tlog
g:\windows程序设计\emsclient\emsclient\release\emsclient.tlog\link.write.1.tlog
g:\windows程序设计\emsclient\emsclient\release\emsclient.tlog\rc.command.1.tlog
g:\windows程序设计\emsclient\emsclient\release\emsclient.tlog\rc.read.1.tlog
g:\windows程序设计\emsclient\emsclient\release\emsclient.tlog\rc.write.1.tlog
