g:\界面库\duilib-master\duilib\build\debug\duilib.pch
g:\界面库\duilib-master\duilib\build\debug\vc120.pdb
g:\界面库\duilib-master\duilib\build\debug\vc120.idb
g:\界面库\duilib-master\duilib\build\debug\stdafx.obj
g:\界面库\duilib-master\duilib\build\debug\uislider.obj
g:\界面库\duilib-master\duilib\build\debug\uitext.obj
g:\界面库\duilib-master\duilib\build\debug\uitreeview.obj
g:\界面库\duilib-master\duilib\build\debug\uiwebbrowser.obj
g:\界面库\duilib-master\duilib\build\debug\uibase.obj
g:\界面库\duilib-master\duilib\build\debug\uicontainer.obj
g:\界面库\duilib-master\duilib\build\debug\uicontrol.obj
g:\界面库\duilib-master\duilib\build\debug\uidlgbuilder.obj
g:\界面库\duilib-master\duilib\build\debug\uimanager.obj
g:\界面库\duilib-master\duilib\build\debug\uimarkup.obj
g:\界面库\duilib-master\duilib\build\debug\uirender.obj
g:\界面库\duilib-master\duilib\build\debug\uichildlayout.obj
g:\界面库\duilib-master\duilib\build\debug\uihorizontallayout.obj
g:\界面库\duilib-master\duilib\build\debug\uitablayout.obj
g:\界面库\duilib-master\duilib\build\debug\uitilelayout.obj
g:\界面库\duilib-master\duilib\build\debug\uiverticallayout.obj
g:\界面库\duilib-master\duilib\build\debug\uilib.obj
g:\界面库\duilib-master\duilib\build\debug\uidelegate.obj
g:\界面库\duilib-master\duilib\build\debug\utils.obj
g:\界面库\duilib-master\duilib\build\debug\winimplbase.obj
g:\界面库\duilib-master\duilib\build\debug\uiactivex.obj
g:\界面库\duilib-master\duilib\build\debug\uibutton.obj
g:\界面库\duilib-master\duilib\build\debug\uicheckbox.obj
g:\界面库\duilib-master\duilib\build\debug\uicombo.obj
g:\界面库\duilib-master\duilib\build\debug\uicombobox.obj
g:\界面库\duilib-master\duilib\build\debug\uidatetime.obj
g:\界面库\duilib-master\duilib\build\debug\uiedit.obj
g:\界面库\duilib-master\duilib\build\debug\uilabel.obj
g:\界面库\duilib-master\duilib\build\debug\uilist.obj
g:\界面库\duilib-master\duilib\build\debug\uioption.obj
g:\界面库\duilib-master\duilib\build\debug\uiprogress.obj
g:\界面库\duilib-master\duilib\build\debug\uirichedit.obj
g:\界面库\duilib-master\duilib\build\debug\uiscrollbar.obj
g:\界面库\duilib-master\duilib\build\debug\stb_image.obj
g:\界面库\duilib-master\duilib\build\debug\xunzip.obj
g:\界面库\duilib-master\lib\duilib_d.lib
g:\界面库\duilib-master\lib\duilib_d.exp
g:\界面库\duilib-master\bin\duilib_d.dll
g:\界面库\duilib-master\duilib\build\debug\duilib.pdb
g:\界面库\duilib-master\duilib\build\debug\duilib.tlog\cl.command.1.tlog
g:\界面库\duilib-master\duilib\build\debug\duilib.tlog\cl.read.1.tlog
g:\界面库\duilib-master\duilib\build\debug\duilib.tlog\cl.write.1.tlog
g:\界面库\duilib-master\duilib\build\debug\duilib.tlog\duilib.write.1u.tlog
g:\界面库\duilib-master\duilib\build\debug\duilib.tlog\link.command.1.tlog
g:\界面库\duilib-master\duilib\build\debug\duilib.tlog\link.read.1.tlog
g:\界面库\duilib-master\duilib\build\debug\duilib.tlog\link.write.1.tlog
